<?xml version="1.0" encoding="utf-8"?>
<coverage line-rate="0.8384" branch-rate="0.7951" version="1.9" timestamp="1671443434" lines-covered="1764" lines-valid="2104" branches-covered="229" branches-valid="288">
  <sources>
    <source>C:\Users\MPIN\source\repos\miguel-pvs\Project1\</source>
  </sources>
  <packages>
    <package name="Project1" line-rate="0.8384" branch-rate="0.7951" complexity="550">
      <classes>
        <class name="Program" filename="Program.cs" line-rate="0" branch-rate="0" complexity="3">
          <methods>
            <method name="&lt;Main&gt;$" signature="(System.String[])" line-rate="0" branch-rate="0" complexity="2">
              <lines>
                <line number="16" hits="0" branch="False" />
                <line number="24" hits="0" branch="False" />
                <line number="25" hits="0" branch="False" />
                <line number="27" hits="0" branch="False" />
                <line number="28" hits="0" branch="False" />
                <line number="29" hits="0" branch="False" />
                <line number="30" hits="0" branch="False" />
                <line number="31" hits="0" branch="False" />
                <line number="33" hits="0" branch="False" />
                <line number="34" hits="0" branch="False" />
                <line number="36" hits="0" branch="False" />
                <line number="37" hits="0" branch="False" />
                <line number="39" hits="0" branch="False" />
                <line number="41" hits="0" branch="False" />
                <line number="42" hits="0" branch="False" />
                <line number="43" hits="0" branch="False" />
                <line number="44" hits="0" branch="False" />
                <line number="45" hits="0" branch="False" />
                <line number="46" hits="0" branch="False" />
                <line number="47" hits="0" branch="False" />
                <line number="49" hits="0" branch="False" />
                <line number="51" hits="0" branch="True" condition-coverage="0% (0/2)">
                  <conditions>
                    <condition number="332" type="jump" coverage="0%" />
                  </conditions>
                </line>
                <line number="52" hits="0" branch="False" />
                <line number="53" hits="0" branch="False" />
                <line number="54" hits="0" branch="False" />
                <line number="55" hits="0" branch="False" />
                <line number="57" hits="0" branch="False" />
                <line number="59" hits="0" branch="False" />
                <line number="61" hits="0" branch="False" />
                <line number="63" hits="0" branch="False" />
                <line number="65" hits="0" branch="False" />
              </lines>
            </method>
            <method name="&lt;&lt;Main&gt;$&gt;g__setJsonOptions|0_0" signature="(System.Text.Json.JsonSerializerOptions)" line-rate="0" branch-rate="1" complexity="1">
              <lines>
                <line number="19" hits="0" branch="False" />
                <line number="20" hits="0" branch="False" />
                <line number="21" hits="0" branch="False" />
                <line number="22" hits="0" branch="False" />
              </lines>
            </method>
          </methods>
          <lines>
            <line number="16" hits="0" branch="False" />
            <line number="24" hits="0" branch="False" />
            <line number="25" hits="0" branch="False" />
            <line number="27" hits="0" branch="False" />
            <line number="28" hits="0" branch="False" />
            <line number="29" hits="0" branch="False" />
            <line number="30" hits="0" branch="False" />
            <line number="31" hits="0" branch="False" />
            <line number="33" hits="0" branch="False" />
            <line number="34" hits="0" branch="False" />
            <line number="36" hits="0" branch="False" />
            <line number="37" hits="0" branch="False" />
            <line number="39" hits="0" branch="False" />
            <line number="41" hits="0" branch="False" />
            <line number="42" hits="0" branch="False" />
            <line number="43" hits="0" branch="False" />
            <line number="44" hits="0" branch="False" />
            <line number="45" hits="0" branch="False" />
            <line number="46" hits="0" branch="False" />
            <line number="47" hits="0" branch="False" />
            <line number="49" hits="0" branch="False" />
            <line number="51" hits="0" branch="True" condition-coverage="0% (0/2)">
              <conditions>
                <condition number="332" type="jump" coverage="0%" />
              </conditions>
            </line>
            <line number="52" hits="0" branch="False" />
            <line number="53" hits="0" branch="False" />
            <line number="54" hits="0" branch="False" />
            <line number="55" hits="0" branch="False" />
            <line number="57" hits="0" branch="False" />
            <line number="59" hits="0" branch="False" />
            <line number="61" hits="0" branch="False" />
            <line number="63" hits="0" branch="False" />
            <line number="65" hits="0" branch="False" />
            <line number="19" hits="0" branch="False" />
            <line number="20" hits="0" branch="False" />
            <line number="21" hits="0" branch="False" />
            <line number="22" hits="0" branch="False" />
          </lines>
        </class>
        <class name="Project1.RequestValidationBehaviour`2" filename="RequestValidationBehaviour.cs" line-rate="0" branch-rate="0" complexity="7">
          <methods>
            <method name="Handle" signature="(TRequest,MediatR.RequestHandlerDelegate`1&lt;TResponse&gt;,System.Threading.CancellationToken)" line-rate="0" branch-rate="0" complexity="6">
              <lines>
                <line number="18" hits="0" branch="False" />
                <line number="19" hits="0" branch="False" />
                <line number="21" hits="0" branch="True" condition-coverage="0% (0/4)">
                  <conditions>
                    <condition number="55" type="jump" coverage="0%" />
                    <condition number="91" type="jump" coverage="0%" />
                  </conditions>
                </line>
                <line number="22" hits="0" branch="False" />
                <line number="23" hits="0" branch="False" />
                <line number="24" hits="0" branch="False" />
                <line number="25" hits="0" branch="False" />
                <line number="27" hits="0" branch="True" condition-coverage="0% (0/2)">
                  <conditions>
                    <condition number="138" type="jump" coverage="0%" />
                  </conditions>
                </line>
                <line number="28" hits="0" branch="False" />
                <line number="29" hits="0" branch="False" />
                <line number="30" hits="0" branch="False" />
                <line number="31" hits="0" branch="False" />
                <line number="32" hits="0" branch="False" />
                <line number="34" hits="0" branch="False" />
                <line number="35" hits="0" branch="False" />
              </lines>
            </method>
            <method name=".ctor" signature="(System.Collections.Generic.IEnumerable`1&lt;FluentValidation.IValidator`1&lt;TRequest&gt;&gt;,Microsoft.Extensions.Logging.ILogger`1&lt;TRequest&gt;)" line-rate="0" branch-rate="1" complexity="1">
              <lines>
                <line number="11" hits="0" branch="False" />
                <line number="12" hits="0" branch="False" />
                <line number="13" hits="0" branch="False" />
                <line number="14" hits="0" branch="False" />
                <line number="15" hits="0" branch="False" />
              </lines>
            </method>
          </methods>
          <lines>
            <line number="18" hits="0" branch="False" />
            <line number="19" hits="0" branch="False" />
            <line number="21" hits="0" branch="True" condition-coverage="0% (0/4)">
              <conditions>
                <condition number="55" type="jump" coverage="0%" />
                <condition number="91" type="jump" coverage="0%" />
              </conditions>
            </line>
            <line number="22" hits="0" branch="False" />
            <line number="23" hits="0" branch="False" />
            <line number="24" hits="0" branch="False" />
            <line number="25" hits="0" branch="False" />
            <line number="27" hits="0" branch="True" condition-coverage="0% (0/2)">
              <conditions>
                <condition number="138" type="jump" coverage="0%" />
              </conditions>
            </line>
            <line number="28" hits="0" branch="False" />
            <line number="29" hits="0" branch="False" />
            <line number="30" hits="0" branch="False" />
            <line number="31" hits="0" branch="False" />
            <line number="32" hits="0" branch="False" />
            <line number="34" hits="0" branch="False" />
            <line number="35" hits="0" branch="False" />
            <line number="11" hits="0" branch="False" />
            <line number="12" hits="0" branch="False" />
            <line number="13" hits="0" branch="False" />
            <line number="14" hits="0" branch="False" />
            <line number="15" hits="0" branch="False" />
          </lines>
        </class>
        <class name="Project1.Workers.UnsWorker" filename="Workers\UnsWorker.cs" line-rate="0" branch-rate="1" complexity="1">
          <methods>
            <method name=".ctor" signature="(Project1.Infrastructure.IUnsService,System.IServiceProvider,Project1.Timers.ITimerService)" line-rate="0" branch-rate="1" complexity="1">
              <lines>
                <line number="13" hits="0" branch="False" />
                <line number="14" hits="0" branch="False" />
                <line number="15" hits="0" branch="False" />
                <line number="17" hits="0" branch="False" />
                <line number="18" hits="0" branch="False" />
                <line number="19" hits="0" branch="False" />
                <line number="20" hits="0" branch="False" />
                <line number="21" hits="0" branch="False" />
              </lines>
            </method>
          </methods>
          <lines>
            <line number="13" hits="0" branch="False" />
            <line number="14" hits="0" branch="False" />
            <line number="15" hits="0" branch="False" />
            <line number="17" hits="0" branch="False" />
            <line number="18" hits="0" branch="False" />
            <line number="19" hits="0" branch="False" />
            <line number="20" hits="0" branch="False" />
            <line number="21" hits="0" branch="False" />
          </lines>
        </class>
        <class name="Project1.Workers.UnsWorker/&lt;ExecuteAsync&gt;d__4" filename="Workers\UnsWorker.cs" line-rate="0" branch-rate="1" complexity="1">
          <methods>
            <method name="MoveNext" signature="()" line-rate="0" branch-rate="1" complexity="1">
              <lines>
                <line number="25" hits="0" branch="False" />
                <line number="27" hits="0" branch="False" />
                <line number="28" hits="0" branch="False" />
                <line number="29" hits="0" branch="False" />
                <line number="30" hits="0" branch="False" />
                <line number="34" hits="0" branch="False" />
                <line number="36" hits="0" branch="False" />
                <line number="37" hits="0" branch="False" />
                <line number="38" hits="0" branch="False" />
                <line number="39" hits="0" branch="False" />
                <line number="41" hits="0" branch="False" />
                <line number="42" hits="0" branch="False" />
                <line number="43" hits="0" branch="False" />
                <line number="44" hits="0" branch="False" />
                <line number="45" hits="0" branch="False" />
                <line number="46" hits="0" branch="False" />
                <line number="50" hits="0" branch="False" />
                <line number="86" hits="0" branch="False" />
              </lines>
            </method>
          </methods>
          <lines>
            <line number="25" hits="0" branch="False" />
            <line number="27" hits="0" branch="False" />
            <line number="28" hits="0" branch="False" />
            <line number="29" hits="0" branch="False" />
            <line number="30" hits="0" branch="False" />
            <line number="34" hits="0" branch="False" />
            <line number="36" hits="0" branch="False" />
            <line number="37" hits="0" branch="False" />
            <line number="38" hits="0" branch="False" />
            <line number="39" hits="0" branch="False" />
            <line number="41" hits="0" branch="False" />
            <line number="42" hits="0" branch="False" />
            <line number="43" hits="0" branch="False" />
            <line number="44" hits="0" branch="False" />
            <line number="45" hits="0" branch="False" />
            <line number="46" hits="0" branch="False" />
            <line number="50" hits="0" branch="False" />
            <line number="86" hits="0" branch="False" />
          </lines>
        </class>
        <class name="Project1.Timers.TimerService" filename="Timers\TimerService.cs" line-rate="0.7333" branch-rate="1" complexity="2">
          <methods>
            <method name="Dispose" signature="()" line-rate="0" branch-rate="1" complexity="1">
              <lines>
                <line number="485" hits="0" branch="False" />
                <line number="486" hits="0" branch="False" />
                <line number="487" hits="0" branch="False" />
                <line number="488" hits="0" branch="False" />
              </lines>
            </method>
            <method name=".ctor" signature="(MediatR.IMediator,Project1.Infrastructure.IUnsService,System.IServiceProvider)" line-rate="1" branch-rate="1" complexity="1">
              <lines>
                <line number="18" hits="43" branch="False" />
                <line number="24" hits="43" branch="False" />
                <line number="25" hits="43" branch="False" />
                <line number="28" hits="43" branch="False" />
                <line number="29" hits="43" branch="False" />
                <line number="30" hits="43" branch="False" />
                <line number="31" hits="43" branch="False" />
                <line number="32" hits="43" branch="False" />
                <line number="33" hits="43" branch="False" />
                <line number="34" hits="43" branch="False" />
                <line number="35" hits="43" branch="False" />
              </lines>
            </method>
          </methods>
          <lines>
            <line number="485" hits="0" branch="False" />
            <line number="486" hits="0" branch="False" />
            <line number="487" hits="0" branch="False" />
            <line number="488" hits="0" branch="False" />
            <line number="18" hits="43" branch="False" />
            <line number="24" hits="43" branch="False" />
            <line number="25" hits="43" branch="False" />
            <line number="28" hits="43" branch="False" />
            <line number="29" hits="43" branch="False" />
            <line number="30" hits="43" branch="False" />
            <line number="31" hits="43" branch="False" />
            <line number="32" hits="43" branch="False" />
            <line number="33" hits="43" branch="False" />
            <line number="34" hits="43" branch="False" />
            <line number="35" hits="43" branch="False" />
          </lines>
        </class>
        <class name="Project1.Timers.TimerService/&lt;&gt;c" filename="Timers\TimerService.cs" line-rate="0.8571" branch-rate="1" complexity="7">
          <methods>
            <method name="&lt;WaitForNextShiftAsync&gt;b__13_0" signature="(System.Collections.Generic.KeyValuePair`2&lt;System.Int32,System.DateTime&gt;)" line-rate="0" branch-rate="1" complexity="1">
              <lines>
                <line number="128" hits="0" branch="False" />
              </lines>
            </method>
            <method name="&lt;CheckAbsentAndOverLapAsync&gt;b__21_0" signature="(Project1.Models.WorkPatternPart)" line-rate="1" branch-rate="1" complexity="1">
              <lines>
                <line number="323" hits="125" branch="False" />
              </lines>
            </method>
            <method name="&lt;CheckAbsentAndOverLapAsync&gt;b__21_1" signature="(Project1.Models.WorkPatternPart)" line-rate="1" branch-rate="1" complexity="1">
              <lines>
                <line number="324" hits="125" branch="False" />
              </lines>
            </method>
            <method name="&lt;CheckAbsentAndOverLapAsync&gt;b__21_2" signature="(Project1.Models.WorkPatternPart)" line-rate="1" branch-rate="1" complexity="1">
              <lines>
                <line number="333" hits="50" branch="False" />
              </lines>
            </method>
            <method name="&lt;CheckAbsentAndOverLapAsync&gt;b__21_3" signature="(Project1.Models.WorkPatternPart)" line-rate="1" branch-rate="1" complexity="1">
              <lines>
                <line number="334" hits="50" branch="False" />
              </lines>
            </method>
            <method name="&lt;OverLapTodayScheduleAsync&gt;b__22_0" signature="(Project1.Models.WorkPatternPart)" line-rate="1" branch-rate="1" complexity="1">
              <lines>
                <line number="358" hits="63" branch="False" />
              </lines>
            </method>
            <method name="&lt;OverLapTodayScheduleAsync&gt;b__22_1" signature="(Project1.Models.WorkPatternPart)" line-rate="1" branch-rate="1" complexity="1">
              <lines>
                <line number="359" hits="63" branch="False" />
              </lines>
            </method>
          </methods>
          <lines>
            <line number="128" hits="0" branch="False" />
            <line number="323" hits="125" branch="False" />
            <line number="324" hits="125" branch="False" />
            <line number="333" hits="50" branch="False" />
            <line number="334" hits="50" branch="False" />
            <line number="358" hits="63" branch="False" />
            <line number="359" hits="63" branch="False" />
          </lines>
        </class>
        <class name="Project1.Timers.TimerService/&lt;&gt;c__DisplayClass13_0" filename="Timers\TimerService.cs" line-rate="0" branch-rate="1" complexity="1">
          <methods>
            <method name="&lt;WaitForNextShiftAsync&gt;b__1" signature="(System.Collections.Generic.KeyValuePair`2&lt;System.Int32,System.DateTime&gt;)" line-rate="0" branch-rate="1" complexity="1">
              <lines>
                <line number="129" hits="0" branch="False" />
              </lines>
            </method>
          </methods>
          <lines>
            <line number="129" hits="0" branch="False" />
          </lines>
        </class>
        <class name="Project1.Timers.TimerService/&lt;&gt;c__DisplayClass17_1" filename="Timers\TimerService.cs" line-rate="0" branch-rate="1" complexity="1">
          <methods>
            <method name="&lt;FindLowestDelayAsync&gt;b__2" signature="(Project1.Models.Absent)" line-rate="0" branch-rate="1" complexity="1">
              <lines>
                <line number="204" hits="0" branch="False" />
              </lines>
            </method>
          </methods>
          <lines>
            <line number="204" hits="0" branch="False" />
          </lines>
        </class>
        <class name="Project1.Timers.TimerService/&lt;&gt;c__DisplayClass17_2" filename="Timers\TimerService.cs" line-rate="1" branch-rate="1" complexity="1">
          <methods>
            <method name="&lt;FindLowestDelayAsync&gt;b__0" signature="(Project1.Models.WorkPatternPart)" line-rate="1" branch-rate="1" complexity="1">
              <lines>
                <line number="199" hits="131" branch="False" />
              </lines>
            </method>
          </methods>
          <lines>
            <line number="199" hits="131" branch="False" />
          </lines>
        </class>
        <class name="Project1.Timers.TimerService/&lt;&gt;c__DisplayClass17_3" filename="Timers\TimerService.cs" line-rate="0" branch-rate="1" complexity="1">
          <methods>
            <method name="&lt;FindLowestDelayAsync&gt;b__1" signature="(Project1.Models.Absent)" line-rate="0" branch-rate="1" complexity="1">
              <lines>
                <line number="203" hits="0" branch="False" />
              </lines>
            </method>
          </methods>
          <lines>
            <line number="203" hits="0" branch="False" />
          </lines>
        </class>
        <class name="Project1.Timers.TimerService/&lt;&gt;c__DisplayClass18_0" filename="Timers\TimerService.cs" line-rate="1" branch-rate="1" complexity="1">
          <methods>
            <method name="&lt;FindNextPartAsync&gt;b__0" signature="(Project1.Models.WorkPatternPart)" line-rate="1" branch-rate="1" complexity="1">
              <lines>
                <line number="261" hits="50" branch="False" />
              </lines>
            </method>
          </methods>
          <lines>
            <line number="261" hits="50" branch="False" />
          </lines>
        </class>
        <class name="Project1.Timers.TimerService/&lt;&gt;c__DisplayClass19_0" filename="Timers\TimerService.cs" line-rate="1" branch-rate="1" complexity="1">
          <methods>
            <method name="&lt;FindNextPartJumpOneDayAsync&gt;b__0" signature="(Project1.Models.WorkPatternPart)" line-rate="1" branch-rate="1" complexity="1">
              <lines>
                <line number="288" hits="143" branch="False" />
              </lines>
            </method>
          </methods>
          <lines>
            <line number="288" hits="143" branch="False" />
          </lines>
        </class>
        <class name="Project1.Timers.TimerService/&lt;BreakWorkPatternAsync&gt;d__24" filename="Timers\TimerService.cs" line-rate="1" branch-rate="1" complexity="16">
          <methods>
            <method name="MoveNext" signature="()" line-rate="1" branch-rate="1" complexity="16">
              <lines>
                <line number="406" hits="59" branch="False" />
                <line number="407" hits="59" branch="False" />
                <line number="408" hits="59" branch="False" />
                <line number="409" hits="59" branch="False" />
                <line number="411" hits="59" branch="False" />
                <line number="412" hits="59" branch="False" />
                <line number="413" hits="59" branch="False" />
                <line number="414" hits="59" branch="False" />
                <line number="417" hits="59" branch="False" />
                <line number="418" hits="299" branch="True" condition-coverage="100% (2/2)">
                  <conditions>
                    <condition number="230" type="jump" coverage="100%" />
                  </conditions>
                </line>
                <line number="419" hits="61" branch="False" />
                <line number="420" hits="61" branch="False" />
                <line number="421" hits="61" branch="False" />
                <line number="423" hits="299" branch="True" condition-coverage="100% (2/2)">
                  <conditions>
                    <condition number="982" type="jump" coverage="100%" />
                  </conditions>
                </line>
                <line number="424" hits="61" branch="False" />
                <line number="425" hits="61" branch="False" />
                <line number="426" hits="61" branch="False" />
                <line number="428" hits="61" branch="True" condition-coverage="100% (2/2)">
                  <conditions>
                    <condition number="417" type="jump" coverage="100%" />
                  </conditions>
                </line>
                <line number="429" hits="10" branch="False" />
                <line number="430" hits="10" branch="False" />
                <line number="431" hits="10" branch="False" />
                <line number="432" hits="10" branch="False" />
                <line number="433" hits="10" branch="False" />
                <line number="434" hits="51" branch="True" condition-coverage="100% (2/2)">
                  <conditions>
                    <condition number="555" type="jump" coverage="100%" />
                  </conditions>
                </line>
                <line number="435" hits="11" branch="False" />
                <line number="436" hits="11" branch="False" />
                <line number="437" hits="11" branch="False" />
                <line number="438" hits="11" branch="False" />
                <line number="439" hits="11" branch="False" />
                <line number="440" hits="40" branch="True" condition-coverage="100% (2/2)">
                  <conditions>
                    <condition number="657" type="jump" coverage="100%" />
                  </conditions>
                </line>
                <line number="441" hits="6" branch="False" />
                <line number="442" hits="6" branch="False" />
                <line number="444" hits="6" branch="False" />
                <line number="445" hits="6" branch="False" />
                <line number="446" hits="6" branch="False" />
                <line number="447" hits="6" branch="False" />
                <line number="448" hits="6" branch="False" />
                <line number="449" hits="6" branch="False" />
                <line number="450" hits="6" branch="False" />
                <line number="452" hits="6" branch="False" />
                <line number="453" hits="6" branch="False" />
                <line number="454" hits="6" branch="False" />
                <line number="455" hits="6" branch="False" />
                <line number="456" hits="6" branch="False" />
                <line number="457" hits="6" branch="False" />
                <line number="458" hits="6" branch="False" />
                <line number="459" hits="6" branch="False" />
                <line number="460" hits="6" branch="False" />
                <line number="461" hits="6" branch="False" />
                <line number="462" hits="34" branch="True" condition-coverage="100% (2/2)">
                  <conditions>
                    <condition number="917" type="jump" coverage="100%" />
                  </conditions>
                </line>
                <line number="463" hits="17" branch="False" />
                <line number="464" hits="17" branch="False" />
                <line number="465" hits="17" branch="False" />
                <line number="466" hits="61" branch="False" />
                <line number="468" hits="59" branch="False" />
                <line number="469" hits="59" branch="True" condition-coverage="100% (2/2)">
                  <conditions>
                    <condition number="1056" type="jump" coverage="100%" />
                  </conditions>
                </line>
                <line number="470" hits="28" branch="False" />
                <line number="471" hits="28" branch="False" />
                <line number="472" hits="130" branch="True" condition-coverage="100% (2/2)">
                  <conditions>
                    <condition number="1149" type="jump" coverage="100%" />
                  </conditions>
                </line>
                <line number="473" hits="23" branch="False" />
                <line number="474" hits="23" branch="False" />
                <line number="475" hits="23" branch="False" />
                <line number="476" hits="28" branch="False" />
                <line number="477" hits="28" branch="False" />
                <line number="480" hits="31" branch="False" />
                <line number="481" hits="31" branch="False" />
                <line number="483" hits="59" branch="False" />
              </lines>
            </method>
          </methods>
          <lines>
            <line number="406" hits="59" branch="False" />
            <line number="407" hits="59" branch="False" />
            <line number="408" hits="59" branch="False" />
            <line number="409" hits="59" branch="False" />
            <line number="411" hits="59" branch="False" />
            <line number="412" hits="59" branch="False" />
            <line number="413" hits="59" branch="False" />
            <line number="414" hits="59" branch="False" />
            <line number="417" hits="59" branch="False" />
            <line number="418" hits="299" branch="True" condition-coverage="100% (2/2)">
              <conditions>
                <condition number="230" type="jump" coverage="100%" />
              </conditions>
            </line>
            <line number="419" hits="61" branch="False" />
            <line number="420" hits="61" branch="False" />
            <line number="421" hits="61" branch="False" />
            <line number="423" hits="299" branch="True" condition-coverage="100% (2/2)">
              <conditions>
                <condition number="982" type="jump" coverage="100%" />
              </conditions>
            </line>
            <line number="424" hits="61" branch="False" />
            <line number="425" hits="61" branch="False" />
            <line number="426" hits="61" branch="False" />
            <line number="428" hits="61" branch="True" condition-coverage="100% (2/2)">
              <conditions>
                <condition number="417" type="jump" coverage="100%" />
              </conditions>
            </line>
            <line number="429" hits="10" branch="False" />
            <line number="430" hits="10" branch="False" />
            <line number="431" hits="10" branch="False" />
            <line number="432" hits="10" branch="False" />
            <line number="433" hits="10" branch="False" />
            <line number="434" hits="51" branch="True" condition-coverage="100% (2/2)">
              <conditions>
                <condition number="555" type="jump" coverage="100%" />
              </conditions>
            </line>
            <line number="435" hits="11" branch="False" />
            <line number="436" hits="11" branch="False" />
            <line number="437" hits="11" branch="False" />
            <line number="438" hits="11" branch="False" />
            <line number="439" hits="11" branch="False" />
            <line number="440" hits="40" branch="True" condition-coverage="100% (2/2)">
              <conditions>
                <condition number="657" type="jump" coverage="100%" />
              </conditions>
            </line>
            <line number="441" hits="6" branch="False" />
            <line number="442" hits="6" branch="False" />
            <line number="444" hits="6" branch="False" />
            <line number="445" hits="6" branch="False" />
            <line number="446" hits="6" branch="False" />
            <line number="447" hits="6" branch="False" />
            <line number="448" hits="6" branch="False" />
            <line number="449" hits="6" branch="False" />
            <line number="450" hits="6" branch="False" />
            <line number="452" hits="6" branch="False" />
            <line number="453" hits="6" branch="False" />
            <line number="454" hits="6" branch="False" />
            <line number="455" hits="6" branch="False" />
            <line number="456" hits="6" branch="False" />
            <line number="457" hits="6" branch="False" />
            <line number="458" hits="6" branch="False" />
            <line number="459" hits="6" branch="False" />
            <line number="460" hits="6" branch="False" />
            <line number="461" hits="6" branch="False" />
            <line number="462" hits="34" branch="True" condition-coverage="100% (2/2)">
              <conditions>
                <condition number="917" type="jump" coverage="100%" />
              </conditions>
            </line>
            <line number="463" hits="17" branch="False" />
            <line number="464" hits="17" branch="False" />
            <line number="465" hits="17" branch="False" />
            <line number="466" hits="61" branch="False" />
            <line number="468" hits="59" branch="False" />
            <line number="469" hits="59" branch="True" condition-coverage="100% (2/2)">
              <conditions>
                <condition number="1056" type="jump" coverage="100%" />
              </conditions>
            </line>
            <line number="470" hits="28" branch="False" />
            <line number="471" hits="28" branch="False" />
            <line number="472" hits="130" branch="True" condition-coverage="100% (2/2)">
              <conditions>
                <condition number="1149" type="jump" coverage="100%" />
              </conditions>
            </line>
            <line number="473" hits="23" branch="False" />
            <line number="474" hits="23" branch="False" />
            <line number="475" hits="23" branch="False" />
            <line number="476" hits="28" branch="False" />
            <line number="477" hits="28" branch="False" />
            <line number="480" hits="31" branch="False" />
            <line number="481" hits="31" branch="False" />
            <line number="483" hits="59" branch="False" />
          </lines>
        </class>
        <class name="Project1.Timers.TimerService/&lt;CalculateDelayAsync&gt;d__12" filename="Timers\TimerService.cs" line-rate="0" branch-rate="0" complexity="2">
          <methods>
            <method name="MoveNext" signature="()" line-rate="0" branch-rate="0" complexity="2">
              <lines>
                <line number="96" hits="0" branch="False" />
                <line number="97" hits="0" branch="False" />
                <line number="98" hits="0" branch="False" />
                <line number="99" hits="0" branch="False" />
                <line number="101" hits="0" branch="False" />
                <line number="102" hits="0" branch="False" />
                <line number="103" hits="0" branch="False" />
                <line number="104" hits="0" branch="False" />
                <line number="106" hits="0" branch="True" condition-coverage="0% (0/2)">
                  <conditions>
                    <condition number="293" type="jump" coverage="0%" />
                  </conditions>
                </line>
                <line number="107" hits="0" branch="False" />
                <line number="108" hits="0" branch="False" />
                <line number="109" hits="0" branch="False" />
                <line number="111" hits="0" branch="False" />
                <line number="112" hits="0" branch="False" />
                <line number="113" hits="0" branch="False" />
                <line number="114" hits="0" branch="False" />
                <line number="115" hits="0" branch="False" />
                <line number="116" hits="0" branch="False" />
                <line number="117" hits="0" branch="False" />
                <line number="118" hits="0" branch="False" />
                <line number="119" hits="0" branch="False" />
                <line number="120" hits="0" branch="False" />
                <line number="122" hits="0" branch="False" />
              </lines>
            </method>
          </methods>
          <lines>
            <line number="96" hits="0" branch="False" />
            <line number="97" hits="0" branch="False" />
            <line number="98" hits="0" branch="False" />
            <line number="99" hits="0" branch="False" />
            <line number="101" hits="0" branch="False" />
            <line number="102" hits="0" branch="False" />
            <line number="103" hits="0" branch="False" />
            <line number="104" hits="0" branch="False" />
            <line number="106" hits="0" branch="True" condition-coverage="0% (0/2)">
              <conditions>
                <condition number="293" type="jump" coverage="0%" />
              </conditions>
            </line>
            <line number="107" hits="0" branch="False" />
            <line number="108" hits="0" branch="False" />
            <line number="109" hits="0" branch="False" />
            <line number="111" hits="0" branch="False" />
            <line number="112" hits="0" branch="False" />
            <line number="113" hits="0" branch="False" />
            <line number="114" hits="0" branch="False" />
            <line number="115" hits="0" branch="False" />
            <line number="116" hits="0" branch="False" />
            <line number="117" hits="0" branch="False" />
            <line number="118" hits="0" branch="False" />
            <line number="119" hits="0" branch="False" />
            <line number="120" hits="0" branch="False" />
            <line number="122" hits="0" branch="False" />
          </lines>
        </class>
        <class name="Project1.Timers.TimerService/&lt;CalculateDelayWithoutSettingTaskAsync&gt;d__11" filename="Timers\TimerService.cs" line-rate="0" branch-rate="0" complexity="2">
          <methods>
            <method name="MoveNext" signature="()" line-rate="0" branch-rate="0" complexity="2">
              <lines>
                <line number="70" hits="0" branch="False" />
                <line number="72" hits="0" branch="False" />
                <line number="74" hits="0" branch="False" />
                <line number="76" hits="0" branch="False" />
                <line number="77" hits="0" branch="False" />
                <line number="78" hits="0" branch="False" />
                <line number="80" hits="0" branch="True" condition-coverage="0% (0/2)">
                  <conditions>
                    <condition number="252" type="jump" coverage="0%" />
                  </conditions>
                </line>
                <line number="81" hits="0" branch="False" />
                <line number="82" hits="0" branch="False" />
                <line number="83" hits="0" branch="False" />
                <line number="85" hits="0" branch="False" />
                <line number="86" hits="0" branch="False" />
                <line number="87" hits="0" branch="False" />
                <line number="88" hits="0" branch="False" />
                <line number="89" hits="0" branch="False" />
                <line number="90" hits="0" branch="False" />
                <line number="91" hits="0" branch="False" />
                <line number="93" hits="0" branch="False" />
              </lines>
            </method>
          </methods>
          <lines>
            <line number="70" hits="0" branch="False" />
            <line number="72" hits="0" branch="False" />
            <line number="74" hits="0" branch="False" />
            <line number="76" hits="0" branch="False" />
            <line number="77" hits="0" branch="False" />
            <line number="78" hits="0" branch="False" />
            <line number="80" hits="0" branch="True" condition-coverage="0% (0/2)">
              <conditions>
                <condition number="252" type="jump" coverage="0%" />
              </conditions>
            </line>
            <line number="81" hits="0" branch="False" />
            <line number="82" hits="0" branch="False" />
            <line number="83" hits="0" branch="False" />
            <line number="85" hits="0" branch="False" />
            <line number="86" hits="0" branch="False" />
            <line number="87" hits="0" branch="False" />
            <line number="88" hits="0" branch="False" />
            <line number="89" hits="0" branch="False" />
            <line number="90" hits="0" branch="False" />
            <line number="91" hits="0" branch="False" />
            <line number="93" hits="0" branch="False" />
          </lines>
        </class>
        <class name="Project1.Timers.TimerService/&lt;CheckAbsentAndOverLapAsync&gt;d__21" filename="Timers\TimerService.cs" line-rate="1" branch-rate="1" complexity="4">
          <methods>
            <method name="MoveNext" signature="()" line-rate="1" branch-rate="1" complexity="4">
              <lines>
                <line number="322" hits="16" branch="False" />
                <line number="325" hits="16" branch="False" />
                <line number="326" hits="16" branch="False" />
                <line number="328" hits="16" branch="True" condition-coverage="100% (2/2)">
                  <conditions>
                    <condition number="166" type="jump" coverage="100%" />
                  </conditions>
                </line>
                <line number="329" hits="5" branch="False" />
                <line number="330" hits="5" branch="False" />
                <line number="331" hits="5" branch="False" />
                <line number="336" hits="116" branch="True" condition-coverage="100% (2/2)">
                  <conditions>
                    <condition number="702" type="jump" coverage="100%" />
                  </conditions>
                </line>
                <line number="337" hits="34" branch="False" />
                <line number="338" hits="34" branch="False" />
                <line number="339" hits="34" branch="False" />
                <line number="341" hits="16" branch="False" />
                <line number="342" hits="16" branch="False" />
              </lines>
            </method>
          </methods>
          <lines>
            <line number="322" hits="16" branch="False" />
            <line number="325" hits="16" branch="False" />
            <line number="326" hits="16" branch="False" />
            <line number="328" hits="16" branch="True" condition-coverage="100% (2/2)">
              <conditions>
                <condition number="166" type="jump" coverage="100%" />
              </conditions>
            </line>
            <line number="329" hits="5" branch="False" />
            <line number="330" hits="5" branch="False" />
            <line number="331" hits="5" branch="False" />
            <line number="336" hits="116" branch="True" condition-coverage="100% (2/2)">
              <conditions>
                <condition number="702" type="jump" coverage="100%" />
              </conditions>
            </line>
            <line number="337" hits="34" branch="False" />
            <line number="338" hits="34" branch="False" />
            <line number="339" hits="34" branch="False" />
            <line number="341" hits="16" branch="False" />
            <line number="342" hits="16" branch="False" />
          </lines>
        </class>
        <class name="Project1.Timers.TimerService/&lt;CheckIfInsideWorkPatternAsync&gt;d__20" filename="Timers\TimerService.cs" line-rate="1" branch-rate="0.75" complexity="4">
          <methods>
            <method name="MoveNext" signature="()" line-rate="1" branch-rate="0.75" complexity="4">
              <lines>
                <line number="308" hits="30" branch="False" />
                <line number="309" hits="30" branch="False" />
                <line number="310" hits="30" branch="False" />
                <line number="311" hits="30" branch="False" />
                <line number="312" hits="30" branch="False" />
                <line number="314" hits="30" branch="True" condition-coverage="75% (3/4)">
                  <conditions>
                    <condition number="115" type="jump" coverage="50%" />
                    <condition number="136" type="jump" coverage="100%" />
                  </conditions>
                </line>
                <line number="315" hits="13" branch="False" />
                <line number="316" hits="13" branch="False" />
                <line number="317" hits="13" branch="False" />
                <line number="319" hits="30" branch="False" />
                <line number="320" hits="30" branch="False" />
              </lines>
            </method>
          </methods>
          <lines>
            <line number="308" hits="30" branch="False" />
            <line number="309" hits="30" branch="False" />
            <line number="310" hits="30" branch="False" />
            <line number="311" hits="30" branch="False" />
            <line number="312" hits="30" branch="False" />
            <line number="314" hits="30" branch="True" condition-coverage="75% (3/4)">
              <conditions>
                <condition number="115" type="jump" coverage="50%" />
                <condition number="136" type="jump" coverage="100%" />
              </conditions>
            </line>
            <line number="315" hits="13" branch="False" />
            <line number="316" hits="13" branch="False" />
            <line number="317" hits="13" branch="False" />
            <line number="319" hits="30" branch="False" />
            <line number="320" hits="30" branch="False" />
          </lines>
        </class>
        <class name="Project1.Timers.TimerService/&lt;CheckIfPartSplitAsync&gt;d__23" filename="Timers\TimerService.cs" line-rate="1" branch-rate="1" complexity="2">
          <methods>
            <method name="MoveNext" signature="()" line-rate="1" branch-rate="1" complexity="2">
              <lines>
                <line number="382" hits="19" branch="False" />
                <line number="383" hits="19" branch="False" />
                <line number="384" hits="19" branch="False" />
                <line number="385" hits="19" branch="False" />
                <line number="386" hits="19" branch="False" />
                <line number="388" hits="119" branch="True" condition-coverage="100% (2/2)">
                  <conditions>
                    <condition number="427" type="jump" coverage="100%" />
                  </conditions>
                </line>
                <line number="389" hits="31" branch="False" />
                <line number="390" hits="31" branch="False" />
                <line number="391" hits="31" branch="False" />
                <line number="392" hits="31" branch="False" />
                <line number="393" hits="31" branch="False" />
                <line number="394" hits="31" branch="False" />
                <line number="395" hits="31" branch="False" />
                <line number="396" hits="31" branch="False" />
                <line number="397" hits="31" branch="False" />
                <line number="398" hits="31" branch="False" />
                <line number="400" hits="31" branch="False" />
                <line number="401" hits="31" branch="False" />
                <line number="402" hits="31" branch="False" />
                <line number="403" hits="19" branch="False" />
                <line number="404" hits="19" branch="False" />
              </lines>
            </method>
          </methods>
          <lines>
            <line number="382" hits="19" branch="False" />
            <line number="383" hits="19" branch="False" />
            <line number="384" hits="19" branch="False" />
            <line number="385" hits="19" branch="False" />
            <line number="386" hits="19" branch="False" />
            <line number="388" hits="119" branch="True" condition-coverage="100% (2/2)">
              <conditions>
                <condition number="427" type="jump" coverage="100%" />
              </conditions>
            </line>
            <line number="389" hits="31" branch="False" />
            <line number="390" hits="31" branch="False" />
            <line number="391" hits="31" branch="False" />
            <line number="392" hits="31" branch="False" />
            <line number="393" hits="31" branch="False" />
            <line number="394" hits="31" branch="False" />
            <line number="395" hits="31" branch="False" />
            <line number="396" hits="31" branch="False" />
            <line number="397" hits="31" branch="False" />
            <line number="398" hits="31" branch="False" />
            <line number="400" hits="31" branch="False" />
            <line number="401" hits="31" branch="False" />
            <line number="402" hits="31" branch="False" />
            <line number="403" hits="19" branch="False" />
            <line number="404" hits="19" branch="False" />
          </lines>
        </class>
        <class name="Project1.Timers.TimerService/&lt;FindLowestDelayAsync&gt;d__17" filename="Timers\TimerService.cs" line-rate="0.9481999999999999" branch-rate="0.9582999999999999" complexity="24">
          <methods>
            <method name="MoveNext" signature="()" line-rate="0.9481999999999999" branch-rate="0.9582999999999999" complexity="24">
              <lines>
                <line number="182" hits="9" branch="False" />
                <line number="183" hits="9" branch="False" />
                <line number="185" hits="9" branch="False" />
                <line number="186" hits="77" branch="True" condition-coverage="100% (2/2)">
                  <conditions>
                    <condition number="2039" type="jump" coverage="100%" />
                  </conditions>
                </line>
                <line number="187" hits="25" branch="False" />
                <line number="188" hits="25" branch="False" />
                <line number="189" hits="25" branch="False" />
                <line number="190" hits="25" branch="True" condition-coverage="100% (2/2)">
                  <conditions>
                    <condition number="342" type="jump" coverage="100%" />
                  </conditions>
                </line>
                <line number="191" hits="10" branch="False" />
                <line number="192" hits="10" branch="False" />
                <line number="194" hits="10" branch="False" />
                <line number="196" hits="30" branch="True" condition-coverage="100% (2/2)">
                  <conditions>
                    <condition number="1986" type="jump" coverage="100%" />
                  </conditions>
                </line>
                <line number="197" hits="15" branch="False" />
                <line number="198" hits="15" branch="False" />
                <line number="200" hits="15" branch="True" condition-coverage="100% (2/2)">
                  <conditions>
                    <condition number="614" type="jump" coverage="100%" />
                  </conditions>
                </line>
                <line number="201" hits="10" branch="False" />
                <line number="202" hits="10" branch="True" condition-coverage="100% (2/2)">
                  <conditions>
                    <condition number="676" type="jump" coverage="100%" />
                  </conditions>
                </line>
                <line number="205" hits="10" branch="False" />
                <line number="207" hits="10" branch="False" />
                <line number="208" hits="10" branch="False" />
                <line number="210" hits="60" branch="True" condition-coverage="100% (2/2)">
                  <conditions>
                    <condition number="1888" type="jump" coverage="100%" />
                  </conditions>
                </line>
                <line number="211" hits="15" branch="False" />
                <line number="212" hits="15" branch="False" />
                <line number="213" hits="15" branch="False" />
                <line number="214" hits="15" branch="False" />
                <line number="215" hits="15" branch="False" />
                <line number="217" hits="15" branch="True" condition-coverage="100% (2/2)">
                  <conditions>
                    <condition number="1127" type="jump" coverage="100%" />
                  </conditions>
                </line>
                <line number="218" hits="8" branch="False" />
                <line number="219" hits="8" branch="True" condition-coverage="100% (2/2)">
                  <conditions>
                    <condition number="1154" type="jump" coverage="100%" />
                  </conditions>
                </line>
                <line number="220" hits="2" branch="False" />
                <line number="221" hits="2" branch="False" />
                <line number="222" hits="2" branch="False" />
                <line number="223" hits="6" branch="True" condition-coverage="100% (2/2)">
                  <conditions>
                    <condition number="1253" type="jump" coverage="100%" />
                  </conditions>
                </line>
                <line number="224" hits="1" branch="False" />
                <line number="225" hits="1" branch="False" />
                <line number="226" hits="1" branch="False" />
                <line number="227" hits="5" branch="True" condition-coverage="100% (2/2)">
                  <conditions>
                    <condition number="1334" type="jump" coverage="100%" />
                  </conditions>
                </line>
                <line number="228" hits="5" branch="False" />
                <line number="229" hits="5" branch="False" />
                <line number="230" hits="5" branch="False" />
                <line number="231" hits="5" branch="False" />
                <line number="232" hits="8" branch="False" />
                <line number="234" hits="7" branch="False" />
                <line number="235" hits="7" branch="False" />
                <line number="236" hits="7" branch="False" />
                <line number="237" hits="7" branch="False" />
                <line number="238" hits="15" branch="False" />
                <line number="239" hits="10" branch="False" />
                <line number="241" hits="5" branch="False" />
                <line number="242" hits="10" branch="False" />
                <line number="243" hits="25" branch="False" />
                <line number="244" hits="9" branch="False" />
                <line number="245" hits="0" branch="False" />
                <line number="246" hits="0" branch="False" />
                <line number="247" hits="0" branch="False" />
                <line number="249" hits="9" branch="True" condition-coverage="50% (1/2)">
                  <conditions>
                    <condition number="2101" type="jump" coverage="50%" />
                  </conditions>
                </line>
                <line number="251" hits="9" branch="False" />
                <line number="252" hits="9" branch="False" />
              </lines>
            </method>
          </methods>
          <lines>
            <line number="182" hits="9" branch="False" />
            <line number="183" hits="9" branch="False" />
            <line number="185" hits="9" branch="False" />
            <line number="186" hits="77" branch="True" condition-coverage="100% (2/2)">
              <conditions>
                <condition number="2039" type="jump" coverage="100%" />
              </conditions>
            </line>
            <line number="187" hits="25" branch="False" />
            <line number="188" hits="25" branch="False" />
            <line number="189" hits="25" branch="False" />
            <line number="190" hits="25" branch="True" condition-coverage="100% (2/2)">
              <conditions>
                <condition number="342" type="jump" coverage="100%" />
              </conditions>
            </line>
            <line number="191" hits="10" branch="False" />
            <line number="192" hits="10" branch="False" />
            <line number="194" hits="10" branch="False" />
            <line number="196" hits="30" branch="True" condition-coverage="100% (2/2)">
              <conditions>
                <condition number="1986" type="jump" coverage="100%" />
              </conditions>
            </line>
            <line number="197" hits="15" branch="False" />
            <line number="198" hits="15" branch="False" />
            <line number="200" hits="15" branch="True" condition-coverage="100% (2/2)">
              <conditions>
                <condition number="614" type="jump" coverage="100%" />
              </conditions>
            </line>
            <line number="201" hits="10" branch="False" />
            <line number="202" hits="10" branch="True" condition-coverage="100% (2/2)">
              <conditions>
                <condition number="676" type="jump" coverage="100%" />
              </conditions>
            </line>
            <line number="205" hits="10" branch="False" />
            <line number="207" hits="10" branch="False" />
            <line number="208" hits="10" branch="False" />
            <line number="210" hits="60" branch="True" condition-coverage="100% (2/2)">
              <conditions>
                <condition number="1888" type="jump" coverage="100%" />
              </conditions>
            </line>
            <line number="211" hits="15" branch="False" />
            <line number="212" hits="15" branch="False" />
            <line number="213" hits="15" branch="False" />
            <line number="214" hits="15" branch="False" />
            <line number="215" hits="15" branch="False" />
            <line number="217" hits="15" branch="True" condition-coverage="100% (2/2)">
              <conditions>
                <condition number="1127" type="jump" coverage="100%" />
              </conditions>
            </line>
            <line number="218" hits="8" branch="False" />
            <line number="219" hits="8" branch="True" condition-coverage="100% (2/2)">
              <conditions>
                <condition number="1154" type="jump" coverage="100%" />
              </conditions>
            </line>
            <line number="220" hits="2" branch="False" />
            <line number="221" hits="2" branch="False" />
            <line number="222" hits="2" branch="False" />
            <line number="223" hits="6" branch="True" condition-coverage="100% (2/2)">
              <conditions>
                <condition number="1253" type="jump" coverage="100%" />
              </conditions>
            </line>
            <line number="224" hits="1" branch="False" />
            <line number="225" hits="1" branch="False" />
            <line number="226" hits="1" branch="False" />
            <line number="227" hits="5" branch="True" condition-coverage="100% (2/2)">
              <conditions>
                <condition number="1334" type="jump" coverage="100%" />
              </conditions>
            </line>
            <line number="228" hits="5" branch="False" />
            <line number="229" hits="5" branch="False" />
            <line number="230" hits="5" branch="False" />
            <line number="231" hits="5" branch="False" />
            <line number="232" hits="8" branch="False" />
            <line number="234" hits="7" branch="False" />
            <line number="235" hits="7" branch="False" />
            <line number="236" hits="7" branch="False" />
            <line number="237" hits="7" branch="False" />
            <line number="238" hits="15" branch="False" />
            <line number="239" hits="10" branch="False" />
            <line number="241" hits="5" branch="False" />
            <line number="242" hits="10" branch="False" />
            <line number="243" hits="25" branch="False" />
            <line number="244" hits="9" branch="False" />
            <line number="245" hits="0" branch="False" />
            <line number="246" hits="0" branch="False" />
            <line number="247" hits="0" branch="False" />
            <line number="249" hits="9" branch="True" condition-coverage="50% (1/2)">
              <conditions>
                <condition number="2101" type="jump" coverage="50%" />
              </conditions>
            </line>
            <line number="251" hits="9" branch="False" />
            <line number="252" hits="9" branch="False" />
          </lines>
        </class>
        <class name="Project1.Timers.TimerService/&lt;FindNextPartAsync&gt;d__18" filename="Timers\TimerService.cs" line-rate="0.9565" branch-rate="0.9" complexity="10">
          <methods>
            <method name="MoveNext" signature="()" line-rate="0.9565" branch-rate="0.9" complexity="10">
              <lines>
                <line number="254" hits="7" branch="False" />
                <line number="255" hits="7" branch="False" />
                <line number="256" hits="7" branch="False" />
                <line number="257" hits="7" branch="False" />
                <line number="258" hits="14" branch="True" condition-coverage="100% (2/2)">
                  <conditions>
                    <condition number="464" type="jump" coverage="100%" />
                  </conditions>
                </line>
                <line number="259" hits="7" branch="False" />
                <line number="260" hits="7" branch="False" />
                <line number="262" hits="7" branch="True" condition-coverage="50% (1/2)">
                  <conditions>
                    <condition number="191" type="jump" coverage="50%" />
                  </conditions>
                </line>
                <line number="263" hits="7" branch="False" />
                <line number="264" hits="47" branch="True" condition-coverage="100% (2/2)">
                  <conditions>
                    <condition number="381" type="jump" coverage="100%" />
                  </conditions>
                </line>
                <line number="265" hits="13" branch="False" />
                <line number="266" hits="13" branch="False" />
                <line number="267" hits="13" branch="False" />
                <line number="268" hits="13" branch="False" />
                <line number="270" hits="13" branch="True" condition-coverage="100% (2/2)">
                  <conditions>
                    <condition number="310" type="jump" coverage="100%" />
                  </conditions>
                </line>
                <line number="271" hits="7" branch="False" />
                <line number="272" hits="7" branch="False" />
                <line number="273" hits="7" branch="False" />
                <line number="274" hits="13" branch="False" />
                <line number="275" hits="7" branch="False" />
                <line number="277" hits="0" branch="False" />
                <line number="278" hits="7" branch="False" />
                <line number="279" hits="7" branch="False" />
              </lines>
            </method>
          </methods>
          <lines>
            <line number="254" hits="7" branch="False" />
            <line number="255" hits="7" branch="False" />
            <line number="256" hits="7" branch="False" />
            <line number="257" hits="7" branch="False" />
            <line number="258" hits="14" branch="True" condition-coverage="100% (2/2)">
              <conditions>
                <condition number="464" type="jump" coverage="100%" />
              </conditions>
            </line>
            <line number="259" hits="7" branch="False" />
            <line number="260" hits="7" branch="False" />
            <line number="262" hits="7" branch="True" condition-coverage="50% (1/2)">
              <conditions>
                <condition number="191" type="jump" coverage="50%" />
              </conditions>
            </line>
            <line number="263" hits="7" branch="False" />
            <line number="264" hits="47" branch="True" condition-coverage="100% (2/2)">
              <conditions>
                <condition number="381" type="jump" coverage="100%" />
              </conditions>
            </line>
            <line number="265" hits="13" branch="False" />
            <line number="266" hits="13" branch="False" />
            <line number="267" hits="13" branch="False" />
            <line number="268" hits="13" branch="False" />
            <line number="270" hits="13" branch="True" condition-coverage="100% (2/2)">
              <conditions>
                <condition number="310" type="jump" coverage="100%" />
              </conditions>
            </line>
            <line number="271" hits="7" branch="False" />
            <line number="272" hits="7" branch="False" />
            <line number="273" hits="7" branch="False" />
            <line number="274" hits="13" branch="False" />
            <line number="275" hits="7" branch="False" />
            <line number="277" hits="0" branch="False" />
            <line number="278" hits="7" branch="False" />
            <line number="279" hits="7" branch="False" />
          </lines>
        </class>
        <class name="Project1.Timers.TimerService/&lt;FindNextPartJumpOneDayAsync&gt;d__19" filename="Timers\TimerService.cs" line-rate="1" branch-rate="1" complexity="10">
          <methods>
            <method name="MoveNext" signature="()" line-rate="1" branch-rate="1" complexity="10">
              <lines>
                <line number="281" hits="5" branch="False" />
                <line number="282" hits="5" branch="False" />
                <line number="283" hits="5" branch="False" />
                <line number="284" hits="5" branch="False" />
                <line number="285" hits="30" branch="True" condition-coverage="100% (2/2)">
                  <conditions>
                    <condition number="466" type="jump" coverage="100%" />
                  </conditions>
                </line>
                <line number="286" hits="15" branch="False" />
                <line number="287" hits="15" branch="False" />
                <line number="289" hits="15" branch="True" condition-coverage="100% (2/2)">
                  <conditions>
                    <condition number="193" type="jump" coverage="100%" />
                  </conditions>
                </line>
                <line number="290" hits="5" branch="False" />
                <line number="291" hits="59" branch="True" condition-coverage="100% (2/2)">
                  <conditions>
                    <condition number="383" type="jump" coverage="100%" />
                  </conditions>
                </line>
                <line number="292" hits="22" branch="False" />
                <line number="293" hits="22" branch="False" />
                <line number="294" hits="22" branch="False" />
                <line number="295" hits="22" branch="False" />
                <line number="297" hits="22" branch="True" condition-coverage="100% (2/2)">
                  <conditions>
                    <condition number="312" type="jump" coverage="100%" />
                  </conditions>
                </line>
                <line number="298" hits="7" branch="False" />
                <line number="299" hits="7" branch="False" />
                <line number="300" hits="7" branch="False" />
                <line number="301" hits="22" branch="False" />
                <line number="302" hits="5" branch="False" />
                <line number="304" hits="10" branch="False" />
                <line number="305" hits="5" branch="False" />
                <line number="306" hits="5" branch="False" />
              </lines>
            </method>
          </methods>
          <lines>
            <line number="281" hits="5" branch="False" />
            <line number="282" hits="5" branch="False" />
            <line number="283" hits="5" branch="False" />
            <line number="284" hits="5" branch="False" />
            <line number="285" hits="30" branch="True" condition-coverage="100% (2/2)">
              <conditions>
                <condition number="466" type="jump" coverage="100%" />
              </conditions>
            </line>
            <line number="286" hits="15" branch="False" />
            <line number="287" hits="15" branch="False" />
            <line number="289" hits="15" branch="True" condition-coverage="100% (2/2)">
              <conditions>
                <condition number="193" type="jump" coverage="100%" />
              </conditions>
            </line>
            <line number="290" hits="5" branch="False" />
            <line number="291" hits="59" branch="True" condition-coverage="100% (2/2)">
              <conditions>
                <condition number="383" type="jump" coverage="100%" />
              </conditions>
            </line>
            <line number="292" hits="22" branch="False" />
            <line number="293" hits="22" branch="False" />
            <line number="294" hits="22" branch="False" />
            <line number="295" hits="22" branch="False" />
            <line number="297" hits="22" branch="True" condition-coverage="100% (2/2)">
              <conditions>
                <condition number="312" type="jump" coverage="100%" />
              </conditions>
            </line>
            <line number="298" hits="7" branch="False" />
            <line number="299" hits="7" branch="False" />
            <line number="300" hits="7" branch="False" />
            <line number="301" hits="22" branch="False" />
            <line number="302" hits="5" branch="False" />
            <line number="304" hits="10" branch="False" />
            <line number="305" hits="5" branch="False" />
            <line number="306" hits="5" branch="False" />
          </lines>
        </class>
        <class name="Project1.Timers.TimerService/&lt;OverLapTodayScheduleAsync&gt;d__22" filename="Timers\TimerService.cs" line-rate="1" branch-rate="1" complexity="6">
          <methods>
            <method name="MoveNext" signature="()" line-rate="1" branch-rate="1" complexity="6">
              <lines>
                <line number="344" hits="43" branch="False" />
                <line number="345" hits="43" branch="False" />
                <line number="346" hits="43" branch="False" />
                <line number="348" hits="43" branch="True" condition-coverage="100% (2/2)">
                  <conditions>
                    <condition number="58" type="jump" coverage="100%" />
                  </conditions>
                </line>
                <line number="349" hits="13" branch="False" />
                <line number="350" hits="13" branch="False" />
                <line number="351" hits="13" branch="False" />
                <line number="352" hits="13" branch="False" />
                <line number="355" hits="30" branch="False" />
                <line number="356" hits="30" branch="False" />
                <line number="362" hits="30" branch="True" condition-coverage="100% (2/2)">
                  <conditions>
                    <condition number="309" type="jump" coverage="100%" />
                  </conditions>
                </line>
                <line number="363" hits="17" branch="False" />
                <line number="364" hits="17" branch="False" />
                <line number="365" hits="17" branch="False" />
                <line number="366" hits="17" branch="False" />
                <line number="367" hits="17" branch="False" />
                <line number="368" hits="17" branch="False" />
                <line number="369" hits="13" branch="True" condition-coverage="100% (2/2)">
                  <conditions>
                    <condition number="408" type="jump" coverage="100%" />
                  </conditions>
                </line>
                <line number="370" hits="2" branch="False" />
                <line number="371" hits="2" branch="False" />
                <line number="373" hits="11" branch="False" />
                <line number="374" hits="11" branch="False" />
                <line number="375" hits="11" branch="False" />
                <line number="376" hits="11" branch="False" />
                <line number="378" hits="30" branch="False" />
                <line number="380" hits="43" branch="False" />
              </lines>
            </method>
          </methods>
          <lines>
            <line number="344" hits="43" branch="False" />
            <line number="345" hits="43" branch="False" />
            <line number="346" hits="43" branch="False" />
            <line number="348" hits="43" branch="True" condition-coverage="100% (2/2)">
              <conditions>
                <condition number="58" type="jump" coverage="100%" />
              </conditions>
            </line>
            <line number="349" hits="13" branch="False" />
            <line number="350" hits="13" branch="False" />
            <line number="351" hits="13" branch="False" />
            <line number="352" hits="13" branch="False" />
            <line number="355" hits="30" branch="False" />
            <line number="356" hits="30" branch="False" />
            <line number="362" hits="30" branch="True" condition-coverage="100% (2/2)">
              <conditions>
                <condition number="309" type="jump" coverage="100%" />
              </conditions>
            </line>
            <line number="363" hits="17" branch="False" />
            <line number="364" hits="17" branch="False" />
            <line number="365" hits="17" branch="False" />
            <line number="366" hits="17" branch="False" />
            <line number="367" hits="17" branch="False" />
            <line number="368" hits="17" branch="False" />
            <line number="369" hits="13" branch="True" condition-coverage="100% (2/2)">
              <conditions>
                <condition number="408" type="jump" coverage="100%" />
              </conditions>
            </line>
            <line number="370" hits="2" branch="False" />
            <line number="371" hits="2" branch="False" />
            <line number="373" hits="11" branch="False" />
            <line number="374" hits="11" branch="False" />
            <line number="375" hits="11" branch="False" />
            <line number="376" hits="11" branch="False" />
            <line number="378" hits="30" branch="False" />
            <line number="380" hits="43" branch="False" />
          </lines>
        </class>
        <class name="Project1.Timers.TimerService/&lt;ReinitializeTimersAsync&gt;d__14" filename="Timers\TimerService.cs" line-rate="0" branch-rate="1" complexity="1">
          <methods>
            <method name="MoveNext" signature="()" line-rate="0" branch-rate="1" complexity="1">
              <lines>
                <line number="150" hits="0" branch="False" />
                <line number="151" hits="0" branch="False" />
                <line number="153" hits="0" branch="False" />
                <line number="154" hits="0" branch="False" />
                <line number="155" hits="0" branch="False" />
                <line number="156" hits="0" branch="False" />
                <line number="157" hits="0" branch="False" />
                <line number="158" hits="0" branch="False" />
                <line number="161" hits="0" branch="False" />
                <line number="162" hits="0" branch="False" />
                <line number="163" hits="0" branch="False" />
              </lines>
            </method>
          </methods>
          <lines>
            <line number="150" hits="0" branch="False" />
            <line number="151" hits="0" branch="False" />
            <line number="153" hits="0" branch="False" />
            <line number="154" hits="0" branch="False" />
            <line number="155" hits="0" branch="False" />
            <line number="156" hits="0" branch="False" />
            <line number="157" hits="0" branch="False" />
            <line number="158" hits="0" branch="False" />
            <line number="161" hits="0" branch="False" />
            <line number="162" hits="0" branch="False" />
            <line number="163" hits="0" branch="False" />
          </lines>
        </class>
        <class name="Project1.Timers.TimerService/&lt;RemoveDelayAsync&gt;d__16" filename="Timers\TimerService.cs" line-rate="0" branch-rate="1" complexity="1">
          <methods>
            <method name="MoveNext" signature="()" line-rate="0" branch-rate="1" complexity="1">
              <lines>
                <line number="175" hits="0" branch="False" />
                <line number="176" hits="0" branch="False" />
                <line number="177" hits="0" branch="False" />
                <line number="179" hits="0" branch="False" />
              </lines>
            </method>
          </methods>
          <lines>
            <line number="175" hits="0" branch="False" />
            <line number="176" hits="0" branch="False" />
            <line number="177" hits="0" branch="False" />
            <line number="179" hits="0" branch="False" />
          </lines>
        </class>
        <class name="Project1.Timers.TimerService/&lt;RemoveTimersAsync&gt;d__15" filename="Timers\TimerService.cs" line-rate="0" branch-rate="1" complexity="1">
          <methods>
            <method name="MoveNext" signature="()" line-rate="0" branch-rate="1" complexity="1">
              <lines>
                <line number="165" hits="0" branch="False" />
                <line number="166" hits="0" branch="False" />
                <line number="167" hits="0" branch="False" />
                <line number="168" hits="0" branch="False" />
                <line number="170" hits="0" branch="False" />
                <line number="171" hits="0" branch="False" />
                <line number="172" hits="0" branch="False" />
              </lines>
            </method>
          </methods>
          <lines>
            <line number="165" hits="0" branch="False" />
            <line number="166" hits="0" branch="False" />
            <line number="167" hits="0" branch="False" />
            <line number="168" hits="0" branch="False" />
            <line number="170" hits="0" branch="False" />
            <line number="171" hits="0" branch="False" />
            <line number="172" hits="0" branch="False" />
          </lines>
        </class>
        <class name="Project1.Timers.TimerService/&lt;SetAbsentsAsync&gt;d__9" filename="Timers\TimerService.cs" line-rate="0" branch-rate="0" complexity="4">
          <methods>
            <method name="MoveNext" signature="()" line-rate="0" branch-rate="0" complexity="4">
              <lines>
                <line number="38" hits="0" branch="False" />
                <line number="39" hits="0" branch="True" condition-coverage="0% (0/2)">
[...]
                <line number="26" hits="2" branch="False" />
                <line number="27" hits="2" branch="True" condition-coverage="100% (2/2)">
                  <conditions>
                    <condition number="40" type="jump" coverage="100%" />
                  </conditions>
                </line>
                <line number="28" hits="1" branch="False" />
                <line number="29" hits="1" branch="False" />
                <line number="32" hits="1" branch="False" />
                <line number="33" hits="1" branch="False" />
                <line number="34" hits="1" branch="False" />
                <line number="35" hits="1" branch="False" />
                <line number="36" hits="1" branch="False" />
                <line number="37" hits="1" branch="False" />
                <line number="39" hits="1" branch="False" />
                <line number="40" hits="1" branch="False" />
                <line number="41" hits="1" branch="False" />
                <line number="44" hits="1" branch="False" />
                <line number="45" hits="1" branch="False" />
                <line number="46" hits="1" branch="False" />
                <line number="47" hits="1" branch="False" />
                <line number="48" hits="1" branch="False" />
              </lines>
            </method>
          </methods>
          <lines>
            <line number="26" hits="2" branch="False" />
            <line number="27" hits="2" branch="True" condition-coverage="100% (2/2)">
              <conditions>
                <condition number="40" type="jump" coverage="100%" />
              </conditions>
            </line>
            <line number="28" hits="1" branch="False" />
            <line number="29" hits="1" branch="False" />
            <line number="32" hits="1" branch="False" />
            <line number="33" hits="1" branch="False" />
            <line number="34" hits="1" branch="False" />
            <line number="35" hits="1" branch="False" />
            <line number="36" hits="1" branch="False" />
            <line number="37" hits="1" branch="False" />
            <line number="39" hits="1" branch="False" />
            <line number="40" hits="1" branch="False" />
            <line number="41" hits="1" branch="False" />
            <line number="44" hits="1" branch="False" />
            <line number="45" hits="1" branch="False" />
            <line number="46" hits="1" branch="False" />
            <line number="47" hits="1" branch="False" />
            <line number="48" hits="1" branch="False" />
          </lines>
        </class>
        <class name="Project1.Application.Absent.Commands.EditAbsent.EditAbsentResponse" filename="Application\Absents\Commands\EditAbsent\EditAbsentResponse.cs" line-rate="1" branch-rate="1" complexity="1">
          <methods>
            <method name="get_Absent" signature="()" line-rate="1" branch-rate="1" complexity="1">
              <lines>
                <line number="7" hits="2" branch="False" />
              </lines>
            </method>
          </methods>
          <lines>
            <line number="7" hits="2" branch="False" />
          </lines>
        </class>
        <class name="Project1.Application.Absent.Commands.DeleteAbsent.DeleteAbsentCommand" filename="Application\Absents\Commands\DeleteAbsent\DeleteAbsentCommand.cs" line-rate="1" branch-rate="1" complexity="2">
          <methods>
            <method name="get_Id" signature="()" line-rate="1" branch-rate="1" complexity="1">
              <lines>
                <line number="8" hits="6" branch="False" />
              </lines>
            </method>
            <method name=".ctor" signature="(System.Guid)" line-rate="1" branch-rate="1" complexity="1">
              <lines>
                <line number="10" hits="3" branch="False" />
                <line number="11" hits="3" branch="False" />
                <line number="12" hits="3" branch="False" />
                <line number="13" hits="3" branch="False" />
              </lines>
            </method>
          </methods>
          <lines>
            <line number="8" hits="6" branch="False" />
            <line number="10" hits="3" branch="False" />
            <line number="11" hits="3" branch="False" />
            <line number="12" hits="3" branch="False" />
            <line number="13" hits="3" branch="False" />
          </lines>
        </class>
        <class name="Project1.Application.Absent.Commands.DeleteAbsent.DeleteAbsentCommandValidator" filename="Application\Absents\Commands\DeleteAbsent\DeleteAbsentCommandValidator.cs" line-rate="1" branch-rate="1" complexity="1">
          <methods>
            <method name=".ctor" signature="()" line-rate="1" branch-rate="1" complexity="1">
              <lines>
                <line number="8" hits="2" branch="False" />
                <line number="9" hits="2" branch="False" />
                <line number="10" hits="2" branch="False" />
                <line number="11" hits="2" branch="False" />
              </lines>
            </method>
          </methods>
          <lines>
            <line number="8" hits="2" branch="False" />
            <line number="9" hits="2" branch="False" />
            <line number="10" hits="2" branch="False" />
            <line number="11" hits="2" branch="False" />
          </lines>
        </class>
        <class name="Project1.Application.Absent.Commands.DeleteAbsent.DeleteAbsentHandler" filename="Application\Absents\Commands\DeleteAbsent\DeleteAbsentHandler.cs" line-rate="1" branch-rate="1" complexity="1">
          <methods>
            <method name=".ctor" signature="(Project1.Persistance.IAbsentRepository,MediatR.IMediator)" line-rate="1" branch-rate="1" complexity="1">
              <lines>
                <line number="19" hits="2" branch="False" />
                <line number="20" hits="2" branch="False" />
                <line number="21" hits="2" branch="False" />
                <line number="22" hits="2" branch="False" />
                <line number="23" hits="2" branch="False" />
                <line number="25" hits="2" branch="False" />
              </lines>
            </method>
          </methods>
          <lines>
            <line number="19" hits="2" branch="False" />
            <line number="20" hits="2" branch="False" />
            <line number="21" hits="2" branch="False" />
            <line number="22" hits="2" branch="False" />
            <line number="23" hits="2" branch="False" />
            <line number="25" hits="2" branch="False" />
          </lines>
        </class>
        <class name="Project1.Application.Absent.Commands.DeleteAbsent.DeleteAbsentHandler/&lt;Handle&gt;d__3" filename="Application\Absents\Commands\DeleteAbsent\DeleteAbsentHandler.cs" line-rate="1" branch-rate="1" complexity="2">
          <methods>
            <method name="MoveNext" signature="()" line-rate="1" branch-rate="1" complexity="2">
              <lines>
                <line number="28" hits="2" branch="False" />
                <line number="29" hits="2" branch="True" condition-coverage="100% (2/2)">
                  <conditions>
                    <condition number="40" type="jump" coverage="100%" />
                  </conditions>
                </line>
                <line number="30" hits="1" branch="False" />
                <line number="31" hits="1" branch="False" />
                <line number="34" hits="1" branch="False" />
                <line number="35" hits="1" branch="False" />
                <line number="37" hits="1" branch="False" />
                <line number="38" hits="1" branch="False" />
                <line number="41" hits="1" branch="False" />
                <line number="42" hits="1" branch="False" />
                <line number="43" hits="1" branch="False" />
                <line number="44" hits="1" branch="False" />
                <line number="45" hits="1" branch="False" />
              </lines>
            </method>
          </methods>
          <lines>
            <line number="28" hits="2" branch="False" />
            <line number="29" hits="2" branch="True" condition-coverage="100% (2/2)">
              <conditions>
                <condition number="40" type="jump" coverage="100%" />
              </conditions>
            </line>
            <line number="30" hits="1" branch="False" />
            <line number="31" hits="1" branch="False" />
            <line number="34" hits="1" branch="False" />
            <line number="35" hits="1" branch="False" />
            <line number="37" hits="1" branch="False" />
            <line number="38" hits="1" branch="False" />
            <line number="41" hits="1" branch="False" />
            <line number="42" hits="1" branch="False" />
            <line number="43" hits="1" branch="False" />
            <line number="44" hits="1" branch="False" />
            <line number="45" hits="1" branch="False" />
          </lines>
        </class>
        <class name="Project1.Application.Absent.Commands.DeleteAbsent.DeleteAbsentResponse" filename="Application\Absents\Commands\DeleteAbsent\DeleteAbsentResponse.cs" line-rate="1" branch-rate="1" complexity="1">
          <methods>
            <method name="get_Absent" signature="()" line-rate="1" branch-rate="1" complexity="1">
              <lines>
                <line number="7" hits="2" branch="False" />
              </lines>
            </method>
          </methods>
          <lines>
            <line number="7" hits="2" branch="False" />
          </lines>
        </class>
        <class name="Project1.Application.Absent.Commands.CreateAbsent.CreateAbsentCommand" filename="Application\Absents\Commands\CreateAbsent\CreateAbsentCommand.cs" line-rate="0.875" branch-rate="1" complexity="4">
          <methods>
            <method name="get_User" signature="()" line-rate="0" branch-rate="1" complexity="1">
              <lines>
                <line number="12" hits="0" branch="False" />
              </lines>
            </method>
            <method name="get_UserId" signature="()" line-rate="1" branch-rate="1" complexity="1">
              <lines>
                <line number="13" hits="15" branch="False" />
              </lines>
            </method>
            <method name="get_Body" signature="()" line-rate="1" branch-rate="1" complexity="1">
              <lines>
                <line number="14" hits="16" branch="False" />
              </lines>
            </method>
            <method name=".ctor" signature="(System.Int32,Project1.Application.Absent.Commands.CreateAbsent.CreateAbsentCommandBody)" line-rate="1" branch-rate="1" complexity="1">
              <lines>
                <line number="15" hits="8" branch="False" />
                <line number="16" hits="8" branch="False" />
                <line number="17" hits="8" branch="False" />
                <line number="18" hits="8" branch="False" />
                <line number="19" hits="8" branch="False" />
              </lines>
            </method>
          </methods>
          <lines>
            <line number="12" hits="0" branch="False" />
            <line number="13" hits="15" branch="False" />
            <line number="14" hits="16" branch="False" />
            <line number="15" hits="8" branch="False" />
            <line number="16" hits="8" branch="False" />
            <line number="17" hits="8" branch="False" />
            <line number="18" hits="8" branch="False" />
            <line number="19" hits="8" branch="False" />
          </lines>
        </class>
        <class name="Project1.Application.Absent.Commands.CreateAbsent.CreateAbsentCommandBody" filename="Application\Absents\Commands\CreateAbsent\CreateAbsentCommandBody.cs" line-rate="1" branch-rate="1" complexity="2">
          <methods>
            <method name="get_StartDate" signature="()" line-rate="1" branch-rate="1" complexity="1">
              <lines>
                <line number="5" hits="18" branch="False" />
              </lines>
            </method>
            <method name="get_EndDate" signature="()" line-rate="1" branch-rate="1" complexity="1">
              <lines>
                <line number="6" hits="12" branch="False" />
              </lines>
            </method>
          </methods>
          <lines>
            <line number="5" hits="18" branch="False" />
            <line number="6" hits="12" branch="False" />
          </lines>
        </class>
        <class name="Project1.Application.Absent.Commands.CreateAbsent.CreateAbsentCommandBodyValidator" filename="Application\Absents\Commands\CreateAbsent\CreateAbsentCommandBodyValidator.cs" line-rate="1" branch-rate="1" complexity="1">
          <methods>
            <method name=".ctor" signature="()" line-rate="1" branch-rate="1" complexity="1">
              <lines>
                <line number="7" hits="7" branch="False" />
                <line number="8" hits="7" branch="False" />
                <line number="10" hits="7" branch="False" />
                <line number="11" hits="7" branch="False" />
                <line number="12" hits="7" branch="False" />
              </lines>
            </method>
          </methods>
          <lines>
            <line number="7" hits="7" branch="False" />
            <line number="8" hits="7" branch="False" />
            <line number="10" hits="7" branch="False" />
            <line number="11" hits="7" branch="False" />
            <line number="12" hits="7" branch="False" />
          </lines>
        </class>
        <class name="Project1.Application.Absent.Commands.CreateAbsent.CreateAbsentCommandValidator" filename="Application\Absents\Commands\CreateAbsent\CreateAbsentCommandValidator.cs" line-rate="1" branch-rate="1" complexity="1">
          <methods>
            <method name=".ctor" signature="()" line-rate="1" branch-rate="1" complexity="1">
              <lines>
                <line number="7" hits="7" branch="False" />
                <line number="8" hits="7" branch="False" />
                <line number="9" hits="7" branch="False" />
                <line number="10" hits="7" branch="False" />
                <line number="11" hits="7" branch="False" />
              </lines>
            </method>
          </methods>
          <lines>
            <line number="7" hits="7" branch="False" />
            <line number="8" hits="7" branch="False" />
            <line number="9" hits="7" branch="False" />
            <line number="10" hits="7" branch="False" />
            <line number="11" hits="7" branch="False" />
          </lines>
        </class>
        <class name="Project1.Application.Absent.Commands.CreateAbsent.CreateAbsentHandler" filename="Application\Absents\Commands\CreateAbsent\CreateAbsentHandler.cs" line-rate="1" branch-rate="1" complexity="1">
          <methods>
            <method name=".ctor" signature="(Project1.Persistance.IAbsentRepository,MediatR.IMediator)" line-rate="1" branch-rate="1" complexity="1">
              <lines>
                <line number="18" hits="2" branch="False" />
                <line number="19" hits="2" branch="False" />
                <line number="20" hits="2" branch="False" />
                <line number="21" hits="2" branch="False" />
                <line number="22" hits="2" branch="False" />
                <line number="24" hits="2" branch="False" />
              </lines>
            </method>
          </methods>
          <lines>
            <line number="18" hits="2" branch="False" />
            <line number="19" hits="2" branch="False" />
            <line number="20" hits="2" branch="False" />
            <line number="21" hits="2" branch="False" />
            <line number="22" hits="2" branch="False" />
            <line number="24" hits="2" branch="False" />
          </lines>
        </class>
        <class name="Project1.Application.Absent.Commands.CreateAbsent.CreateAbsentHandler/&lt;Handle&gt;d__3" filename="Application\Absents\Commands\CreateAbsent\CreateAbsentHandler.cs" line-rate="1" branch-rate="1" complexity="2">
          <methods>
            <method name="MoveNext" signature="()" line-rate="1" branch-rate="1" complexity="2">
              <lines>
                <line number="33" hits="2" branch="False" />
                <line number="34" hits="2" branch="True" condition-coverage="100% (2/2)">
                  <conditions>
                    <condition number="40" type="jump" coverage="100%" />
                  </conditions>
                </line>
                <line number="35" hits="1" branch="False" />
                <line number="36" hits="1" branch="False" />
                <line number="39" hits="1" branch="False" />
                <line number="40" hits="1" branch="False" />
                <line number="41" hits="1" branch="False" />
                <line number="42" hits="1" branch="False" />
                <line number="43" hits="1" branch="False" />
                <line number="44" hits="1" branch="False" />
                <line number="46" hits="1" branch="False" />
                <line number="47" hits="1" branch="False" />
                <line number="49" hits="1" branch="False" />
                <line number="50" hits="1" branch="False" />
                <line number="52" hits="1" branch="False" />
                <line number="53" hits="1" branch="False" />
                <line number="54" hits="1" branch="False" />
                <line number="55" hits="1" branch="False" />
                <line number="56" hits="1" branch="False" />
              </lines>
            </method>
          </methods>
          <lines>
            <line number="33" hits="2" branch="False" />
            <line number="34" hits="2" branch="True" condition-coverage="100% (2/2)">
              <conditions>
                <condition number="40" type="jump" coverage="100%" />
              </conditions>
            </line>
            <line number="35" hits="1" branch="False" />
            <line number="36" hits="1" branch="False" />
            <line number="39" hits="1" branch="False" />
            <line number="40" hits="1" branch="False" />
            <line number="41" hits="1" branch="False" />
            <line number="42" hits="1" branch="False" />
            <line number="43" hits="1" branch="False" />
            <line number="44" hits="1" branch="False" />
            <line number="46" hits="1" branch="False" />
            <line number="47" hits="1" branch="False" />
            <line number="49" hits="1" branch="False" />
            <line number="50" hits="1" branch="False" />
            <line number="52" hits="1" branch="False" />
            <line number="53" hits="1" branch="False" />
            <line number="54" hits="1" branch="False" />
            <line number="55" hits="1" branch="False" />
            <line number="56" hits="1" branch="False" />
          </lines>
        </class>
        <class name="Project1.Application.Absent.Commands.CreateAbsent.CreateAbsentResponse" filename="Application\Absents\Commands\CreateAbsent\CreateAbsentResponse.cs" line-rate="1" branch-rate="1" complexity="1">
          <methods>
            <method name="get_Absent" signature="()" line-rate="1" branch-rate="1" complexity="1">
              <lines>
                <line number="6" hits="2" branch="False" />
              </lines>
            </method>
          </methods>
          <lines>
            <line number="6" hits="2" branch="False" />
          </lines>
        </class>
      </classes>
    </package>
  </packages>
</coverage>